\BOOKMARK [0][-]{section*.1}{\376\377\000D\000e\000d\000i\000c\000a\000t\000o\000r\000i\000a}{}% 1
\BOOKMARK [0][-]{chapter*.3}{\376\377\000R\000e\000s\000u\000m\000e\000n}{}% 2
\BOOKMARK [0][-]{chapter*.7}{\376\377\000I\000n\000t\000r\000o\000d\000u\000c\000c\000i\000\363\000n}{}% 3
\BOOKMARK [0][-]{chapter*.8}{\376\377\000G\000l\000o\000s\000a\000r\000i\000o}{}% 4
\BOOKMARK [0][-]{chapter*.15}{\376\377\000S\000i\000g\000l\000a\000s\000\040\000y\000\040\000A\000b\000r\000e\000v\000i\000a\000t\000u\000r\000a\000s}{}% 5
\BOOKMARK [0][-]{chapter*.16}{\376\377\000O\000b\000j\000e\000t\000i\000v\000o\000s}{}% 6
\BOOKMARK [1][-]{section*.17}{\376\377\000O\000b\000j\000e\000t\000i\000v\000o\000\040\000g\000e\000n\000e\000r\000a\000l}{chapter*.16}% 7
\BOOKMARK [1][-]{section*.18}{\376\377\000O\000b\000j\000e\000t\000i\000v\000o\000s\000\040\000e\000s\000p\000e\000c\000\355\000f\000i\000c\000o\000s}{chapter*.16}% 8
\BOOKMARK [0][-]{chapter*.19}{\376\377\000J\000u\000s\000t\000i\000f\000i\000c\000a\000c\000i\000\363\000n}{}% 9
\BOOKMARK [0][-]{chapter*.20}{\376\377\000M\000e\000t\000o\000d\000o\000l\000o\000g\000\355\000a}{}% 10
\BOOKMARK [0][-]{chapter*.21}{\376\377\000M\000a\000r\000c\000o\000\040\000C\000o\000n\000c\000e\000p\000t\000u\000a\000l}{}% 11
\BOOKMARK [0][-]{chapter*.22}{\376\377\000M\000a\000r\000c\000o\000\040\000T\000e\000\363\000r\000i\000c\000o}{}% 12
\BOOKMARK [0][-]{chapter*.23}{\376\377\000D\000e\000s\000a\000r\000r\000o\000l\000l\000o\000\040\000M\000e\000t\000o\000d\000o\000l\000\363\000g\000i\000c\000o}{}% 13
\BOOKMARK [0][-]{chapter*.32}{\376\377\000C\000a\000r\000a\000c\000t\000e\000r\000i\000z\000a\000c\000i\000\363\000n\000\040\000d\000e\000l\000\040\000G\000R\000I\000D}{}% 14
\BOOKMARK [1][-]{section*.33}{\376\377\000A\000n\000\341\000l\000i\000s\000i\000s\000\040\000d\000e\000\040\000s\000t\000a\000k\000e\000h\000o\000l\000d\000e\000r\000s\000\040\000d\000e\000l\000\040\000g\000r\000u\000p\000o\000\040\000G\000R\000I\000D}{chapter*.32}% 15
\BOOKMARK [1][-]{section*.35}{\376\377\000P\000r\000i\000o\000r\000i\000z\000a\000c\000i\000\363\000n\000\040\000d\000e\000\040\000s\000t\000a\000k\000e\000h\000o\000l\000d\000e\000r\000s}{chapter*.32}% 16
\BOOKMARK [1][-]{section*.37}{\376\377\000I\000n\000t\000e\000g\000r\000a\000n\000t\000e\000s\000\040\000y\000\040\000\341\000r\000e\000a\000s\000\040\000d\000e\000\040\000t\000r\000a\000b\000a\000j\000o\000\040\000d\000e\000l\000\040\000G\000R\000I\000D}{chapter*.32}% 17
\BOOKMARK [1][-]{section*.38}{\376\377\000M\000i\000s\000i\000\363\000n\000\040\000d\000e\000l\000\040\000G\000R\000I\000D}{chapter*.32}% 18
\BOOKMARK [1][-]{section*.39}{\376\377\000V\000i\000s\000i\000\363\000n\000\040\000d\000e\000l\000\040\000G\000R\000I\000D}{chapter*.32}% 19
\BOOKMARK [1][-]{section*.40}{\376\377\000I\000m\000p\000a\000c\000t\000o\000\040\000d\000e\000l\000\040\000p\000r\000o\000y\000e\000c\000t\000o\000\040\000e\000n\000\040\000e\000l\000\040\000G\000R\000I\000D}{chapter*.32}% 20
\BOOKMARK [1][-]{section*.41}{\376\377\000C\000a\000r\000a\000c\000t\000e\000r\000i\000z\000a\000c\000i\000\363\000n\000\040\000d\000e\000\040\000l\000a\000\040\000i\000n\000f\000r\000a\000e\000s\000t\000r\000u\000c\000t\000u\000r\000a\000\040\000t\000e\000c\000n\000o\000l\000\363\000g\000i\000c\000a\000\040\000d\000e\000l\000\040\000G\000R\000I\000D}{chapter*.32}% 21
\BOOKMARK [1][-]{section*.56}{\376\377\000C\000a\000r\000a\000c\000t\000e\000r\000i\000z\000a\000c\000i\000\363\000n\000\040\000d\000e\000\040\000s\000e\000r\000v\000i\000c\000i\000o\000s\000\040\000d\000e\000l\000\040\000G\000R\000I\000D}{chapter*.32}% 22
\BOOKMARK [2][-]{section*.57}{\376\377\000S\000e\000r\000v\000i\000c\000i\000o\000s\000\040\000a\000c\000t\000u\000a\000l\000e\000s}{section*.56}% 23
\BOOKMARK [2][-]{section*.59}{\376\377\000S\000e\000r\000v\000i\000c\000i\000o\000s\000\040\000e\000s\000p\000e\000r\000a\000d\000o\000s}{section*.56}% 24
\BOOKMARK [1][-]{section*.61}{\376\377\000D\000e\000s\000c\000r\000i\000p\000c\000i\000\363\000n\000\040\000d\000e\000\040\000l\000a\000\040\000o\000p\000o\000r\000t\000u\000n\000i\000d\000a\000d}{chapter*.32}% 25
\BOOKMARK [1][-]{section*.62}{\376\377\000R\000e\000s\000u\000m\000e\000n\000\040\000d\000e\000\040\000l\000a\000\040\000e\000n\000t\000r\000e\000v\000i\000s\000t\000a\000\040\000c\000o\000n\000\040\000e\000l\000\040\000c\000l\000i\000e\000n\000t\000e}{chapter*.32}% 26
\BOOKMARK [0][-]{chapter*.71}{\376\377\000R\000e\000v\000i\000s\000i\000\363\000n\000\040\000s\000i\000s\000t\000e\000m\000\341\000t\000i\000c\000a\000\040\000d\000e\000\040\000l\000a\000\040\000l\000i\000t\000e\000r\000a\000t\000u\000r\000a}{}% 27
\BOOKMARK [1][-]{section*.72}{\376\377\000C\000o\000n\000s\000t\000r\000u\000c\000c\000i\000\363\000n\000\040\000d\000e\000\040\000l\000a\000\040\000b\000i\000t\000\341\000c\000o\000r\000a}{chapter*.71}% 28
\BOOKMARK [2][-]{section*.73}{\376\377\000P\000l\000a\000n\000e\000a\000c\000i\000\363\000n}{section*.72}% 29
\BOOKMARK [1][-]{section*.80}{\376\377\000B\000\372\000s\000q\000u\000e\000d\000a\000\040\000d\000e\000\040\000e\000s\000t\000u\000d\000i\000o\000s}{chapter*.71}% 30
\BOOKMARK [2][-]{section*.81}{\376\377\000E\000s\000t\000r\000a\000t\000e\000g\000i\000a\000\040\000d\000e\000\040\000b\000\372\000s\000q\000u\000e\000d\000a}{section*.80}% 31
\BOOKMARK [2][-]{section*.82}{\376\377\000B\000\372\000s\000q\000u\000e\000d\000a\000\040\000e\000n\000\040\000b\000a\000s\000e\000s\000\040\000d\000e\000\040\000d\000a\000t\000o\000s}{section*.80}% 32
\BOOKMARK [2][-]{section*.93}{\376\377\000R\000e\000s\000u\000m\000e\000n\000\040\000d\000e\000\040\000l\000a\000\040\000b\000\372\000s\000q\000u\000e\000d\000a\000\040\000e\000n\000\040\000b\000a\000s\000e\000s\000\040\000d\000e\000\040\000d\000a\000t\000o\000s\000\040\000c\000o\000n\000\040\000c\000r\000i\000t\000e\000r\000i\000o\000s\000\040\000d\000e\000\040\000i\000n\000c\000l\000u\000s\000i\000\363\000n\000/\000e\000x\000c\000l\000u\000s\000i\000\363\000n}{section*.80}% 33
\BOOKMARK [1][-]{section*.96}{\376\377\000E\000l\000i\000m\000i\000n\000a\000c\000i\000\363\000n\000\040\000d\000e\000\040\000d\000u\000p\000l\000i\000c\000a\000d\000o\000s}{chapter*.71}% 34
\BOOKMARK [1][-]{section*.97}{\376\377\000P\000r\000i\000o\000r\000i\000z\000a\000c\000i\000\363\000n\000\040\000d\000e\000\040\000e\000s\000t\000u\000d\000i\000o\000s}{chapter*.71}% 35
\BOOKMARK [1][-]{section*.98}{\376\377\000E\000s\000t\000r\000a\000t\000e\000g\000i\000a\000\040\000d\000e\000\040\000b\000\372\000s\000q\000u\000e\000d\000a\000\040\000u\000s\000a\000n\000d\000o\000\040\000b\000o\000l\000a\000\040\000d\000e\000\040\000n\000i\000e\000v\000e}{chapter*.71}% 36
\BOOKMARK [1][-]{section*.99}{\376\377\000D\000i\000a\000g\000r\000a\000m\000a\000\040\000d\000e\000\040\000b\000\372\000s\000q\000u\000e\000d\000a}{chapter*.71}% 37
\BOOKMARK [2][-]{section*.100}{\376\377\000U\000s\000a\000n\000d\000o\000\040\000c\000a\000d\000e\000n\000a\000s\000\040\000d\000e\000\040\000b\000\372\000s\000q\000u\000e\000d\000a}{section*.99}% 38
\BOOKMARK [2][-]{section*.102}{\376\377\000U\000s\000a\000n\000d\000o\000\040\000b\000o\000l\000a\000\040\000d\000e\000\040\000n\000i\000e\000v\000e}{section*.99}% 39
\BOOKMARK [1][-]{section*.104}{\376\377\000I\000d\000e\000n\000t\000i\000f\000i\000c\000a\000c\000i\000\363\000n\000\040\000d\000e\000\040\000e\000s\000t\000u\000d\000i\000o\000s}{chapter*.71}% 40
\BOOKMARK [2][-]{section*.105}{\376\377\000A\000r\000t\000\355\000c\000u\000l\000o\000s\000\040\000p\000o\000r\000\040\000a\000\361\000o\000\040\000y\000\040\000m\000\351\000t\000r\000i\000c\000a\000s}{section*.104}% 41
\BOOKMARK [2][-]{section*.110}{\376\377\000I\000n\000f\000o\000r\000m\000a\000c\000i\000\363\000n\000\040\000d\000e\000\040\000l\000a\000\040\000h\000e\000r\000r\000a\000m\000i\000e\000n\000t\000a}{section*.104}% 42
\BOOKMARK [0][-]{chapter*.138}{\376\377\000P\000r\000u\000e\000b\000a\000s\000\040\000d\000e\000\040\000B\000e\000n\000c\000h\000m\000a\000r\000k\000i\000n\000g}{}% 43
\BOOKMARK [1][-]{section*.139}{\376\377\0001\000.\000\040\000D\000e\000f\000i\000n\000i\000c\000i\000\363\000n\000\040\000d\000e\000\040\000l\000a\000s\000\040\000p\000r\000u\000e\000b\000a\000s}{chapter*.138}% 44
\BOOKMARK [1][-]{section*.140}{\376\377\0002\000.\000\040\000C\000o\000n\000s\000t\000r\000u\000c\000c\000i\000\363\000n\000\040\000d\000e\000\040\000l\000a\000s\000\040\000p\000r\000u\000e\000b\000a\000s}{chapter*.138}% 45
\BOOKMARK [1][-]{section*.141}{\376\377\0003\000.\000\040\000R\000e\000s\000u\000l\000t\000a\000d\000o\000s\000\040\000d\000e\000\040\000l\000a\000s\000\040\000p\000r\000u\000e\000b\000a\000s}{chapter*.138}% 46
\BOOKMARK [1][-]{section*.142}{\376\377\0004\000.\000\040\000M\000\351\000t\000r\000i\000c\000a\000s\000\040\000d\000e\000\040\000r\000e\000n\000d\000i\000m\000i\000e\000n\000t\000o}{chapter*.138}% 47
\BOOKMARK [1][-]{section*.147}{\376\377\0005\000.\000\040\000A\000n\000\341\000l\000i\000s\000i\000s\000\040\000d\000e\000\040\000l\000o\000s\000\040\000r\000e\000s\000u\000l\000t\000a\000d\000o\000s}{chapter*.138}% 48
\BOOKMARK [0][-]{chapter*.148}{\376\377\000A\000n\000\341\000l\000i\000s\000i\000s\000\040\000d\000e\000\040\000D\000e\000c\000i\000s\000i\000o\000n\000e\000s\000\040\000y\000\040\000R\000e\000s\000o\000l\000u\000c\000i\000\363\000n\000\040\000\050\000D\000A\000R\000\051}{}% 49
\BOOKMARK [1][-]{section*.149}{\376\377\0001\000.\000\040\000M\000e\000t\000o\000d\000o\000l\000o\000g\000\355\000a\000\040\000d\000e\000\040\000e\000v\000a\000l\000u\000a\000c\000i\000\363\000n}{chapter*.148}% 50
\BOOKMARK [1][-]{section*.150}{\376\377\0002\000.\000\040\000R\000e\000s\000u\000l\000t\000a\000d\000o\000s\000\040\000d\000e\000\040\000l\000a\000\040\000e\000v\000a\000l\000u\000a\000c\000i\000\363\000n}{chapter*.148}% 51
\BOOKMARK [1][-]{section*.152}{\376\377\0003\000.\000\040\000C\000r\000i\000t\000e\000r\000i\000o\000s\000\040\000d\000e\000\040\000e\000v\000a\000l\000u\000a\000c\000i\000\363\000n}{chapter*.148}% 52
\BOOKMARK [1][-]{section*.165}{\376\377\0004\000.\000\040\000T\000e\000c\000n\000o\000l\000o\000g\000\355\000a\000\040\000V\000B\000C\000\040\000g\000a\000n\000a\000d\000o\000r\000a}{chapter*.148}% 53
\BOOKMARK [0][-]{appendix.Alph1}{\376\377\000F\000i\000c\000h\000a\000s\000\040\000t\000\351\000c\000n\000i\000c\000a\000s\000\040\000y\000\040\000b\000\372\000s\000q\000u\000e\000d\000a\000\040\000e\000n\000\040\000b\000a\000s\000e\000s\000\040\000d\000e\000\040\000d\000a\000t\000o\000s}{}% 54
\BOOKMARK [0][-]{appendix.Alph2}{\376\377\000B\000\372\000s\000q\000u\000e\000d\000a\000s\000\040\000e\000n\000\040\000b\000a\000s\000e\000s\000\040\000d\000e\000\040\000d\000a\000t\000o\000s}{}% 55
